Warning: Cannot symlink from /workspace/stereo_playground/stereo_synthPOC/devel/.private/cv_bridge/share/cv_bridge/cmake/cv_bridgeConfig.cmake to existing file /workspace/stereo_playground/stereo_synthPOC/devel/share/cv_bridge/cmake/cv_bridgeConfig.cmake
Warning: Source hash: 9f849612bfbeb3bdb6fed206d4734443
Warning: Dest hash: f5b76e36e36ed133444fd60e55cc4dc1
Warning: Cannot symlink from /workspace/stereo_playground/stereo_synthPOC/devel/.private/cv_bridge/lib/python2.7/dist-packages/cv_bridge/__init__.py to existing file /workspace/stereo_playground/stereo_synthPOC/devel/lib/python2.7/dist-packages/cv_bridge/__init__.py
Warning: Source hash: 208e9dec62c47b3c3c41825245651db5
Warning: Dest hash: d8e07da3df544fbdcda81eca578e68a6
Warning: Cannot symlink from /workspace/stereo_playground/stereo_synthPOC/devel/.private/cv_bridge/lib/python2.7/dist-packages/cv_bridge/boost/cv_bridge_boost.so to existing file /workspace/stereo_playground/stereo_synthPOC/devel/lib/python2.7/dist-packages/cv_bridge/boost/cv_bridge_boost.so
Warning: Source hash: dfdde46c87c9db10702ad83ee039211e
Warning: Dest hash: 8c74aa8f2368fd876c98ed8c6775d639
Warning: Cannot symlink from /workspace/stereo_playground/stereo_synthPOC/devel/.private/cv_bridge/lib/pkgconfig/cv_bridge.pc to existing file /workspace/stereo_playground/stereo_synthPOC/devel/lib/pkgconfig/cv_bridge.pc
Warning: Source hash: eb04140c24622c5fe99baec1d3766196
Warning: Dest hash: 3a58637be6ecd234472d581ed17dd4ad
Cleaning: (/workspace/stereo_synthPOC/devel/.private/cv_bridge/cmake.lock, /workspace/stereo_synthPOC/devel/./cmake.lock)
Cleaning: (/workspace/stereo_synthPOC/devel/.private/cv_bridge/share/cv_bridge/cmake/cv_bridge-extras.cmake, /workspace/stereo_synthPOC/devel/share/cv_bridge/cmake/cv_bridge-extras.cmake)
Cleaning: (/workspace/stereo_synthPOC/devel/.private/cv_bridge/share/cv_bridge/cmake/cv_bridgeConfig-version.cmake, /workspace/stereo_synthPOC/devel/share/cv_bridge/cmake/cv_bridgeConfig-version.cmake)
Cleaning: (/workspace/stereo_synthPOC/devel/.private/cv_bridge/share/cv_bridge/cmake/cv_bridgeConfig.cmake, /workspace/stereo_synthPOC/devel/share/cv_bridge/cmake/cv_bridgeConfig.cmake)
Cleaning: (/workspace/stereo_synthPOC/devel/.private/cv_bridge/lib/libcv_bridge.so, /workspace/stereo_synthPOC/devel/lib/libcv_bridge.so)
Cleaning: (/workspace/stereo_synthPOC/devel/.private/cv_bridge/lib/python2.7/dist-packages/cv_bridge/__init__.py, /workspace/stereo_synthPOC/devel/lib/python2.7/dist-packages/cv_bridge/__init__.py)
Cleaning: (/workspace/stereo_synthPOC/devel/.private/cv_bridge/lib/python2.7/dist-packages/cv_bridge/boost/__init__.py, /workspace/stereo_synthPOC/devel/lib/python2.7/dist-packages/cv_bridge/boost/__init__.py)
Cleaning: (/workspace/stereo_synthPOC/devel/.private/cv_bridge/lib/python2.7/dist-packages/cv_bridge/boost/cv_bridge_boost.so, /workspace/stereo_synthPOC/devel/lib/python2.7/dist-packages/cv_bridge/boost/cv_bridge_boost.so)
Cleaning: (/workspace/stereo_synthPOC/devel/.private/cv_bridge/lib/pkgconfig/cv_bridge.pc, /workspace/stereo_synthPOC/devel/lib/pkgconfig/cv_bridge.pc)
Unlinking: /workspace/stereo_synthPOC/devel/share/cv_bridge/cmake/cv_bridge-extras.cmake
Already unlinked: {}
Unlinking: /workspace/stereo_synthPOC/devel/share/cv_bridge/cmake/cv_bridgeConfig-version.cmake
Already unlinked: {}
Unlinking: /workspace/stereo_synthPOC/devel/share/cv_bridge/cmake/cv_bridgeConfig.cmake
Already unlinked: {}
Unlinking: /workspace/stereo_synthPOC/devel/lib/libcv_bridge.so
Already unlinked: {}
Unlinking: /workspace/stereo_synthPOC/devel/lib/python2.7/dist-packages/cv_bridge/__init__.py
Already unlinked: {}
Unlinking: /workspace/stereo_synthPOC/devel/lib/python2.7/dist-packages/cv_bridge/boost/__init__.py
Already unlinked: {}
Unlinking: /workspace/stereo_synthPOC/devel/lib/python2.7/dist-packages/cv_bridge/boost/cv_bridge_boost.so
Already unlinked: {}
Unlinking: /workspace/stereo_synthPOC/devel/lib/pkgconfig/cv_bridge.pc
Already unlinked: {}
