Performing C SOURCE FILE Test CMAKE_HAVE_LIBC_PTHREAD failed with the following output:
Change Dir: /workspace/stereo_synthPOC/build/right_cam_view/CMakeFiles/CMakeTmp

Run Build Command(s):/usr/bin/make cmTC_3808c/fast && /usr/bin/make  -f CMakeFiles/cmTC_3808c.dir/build.make CMakeFiles/cmTC_3808c.dir/build
make[1]: Entering directory '/workspace/stereo_synthPOC/build/right_cam_view/CMakeFiles/CMakeTmp'
Building C object CMakeFiles/cmTC_3808c.dir/src.c.o
/usr/bin/cc   -DCMAKE_HAVE_LIBC_PTHREAD -o CMakeFiles/cmTC_3808c.dir/src.c.o -c /workspace/stereo_synthPOC/build/right_cam_view/CMakeFiles/CMakeTmp/src.c
Linking C executable cmTC_3808c
/opt/cmake-3.18.2-Linux-x86_64/bin/cmake -E cmake_link_script CMakeFiles/cmTC_3808c.dir/link.txt --verbose=1
/usr/bin/cc  -DCMAKE_HAVE_LIBC_PTHREAD -rdynamic CMakeFiles/cmTC_3808c.dir/src.c.o -o cmTC_3808c 
CMakeFiles/cmTC_3808c.dir/src.c.o: In function `main':
src.c:(.text+0x3e): undefined reference to `pthread_create'
src.c:(.text+0x4a): undefined reference to `pthread_detach'
src.c:(.text+0x56): undefined reference to `pthread_cancel'
src.c:(.text+0x67): undefined reference to `pthread_join'
src.c:(.text+0x7b): undefined reference to `pthread_atfork'
collect2: error: ld returned 1 exit status
CMakeFiles/cmTC_3808c.dir/build.make:105: recipe for target 'cmTC_3808c' failed
make[1]: *** [cmTC_3808c] Error 1
make[1]: Leaving directory '/workspace/stereo_synthPOC/build/right_cam_view/CMakeFiles/CMakeTmp'
Makefile:140: recipe for target 'cmTC_3808c/fast' failed
make: *** [cmTC_3808c/fast] Error 2


Source file was:
#include <pthread.h>

void* test_func(void* data)
{
  return data;
}

int main(void)
{
  pthread_t thread;
  pthread_create(&thread, NULL, test_func, NULL);
  pthread_detach(thread);
  pthread_cancel(thread);
  pthread_join(thread, NULL);
  pthread_atfork(NULL, NULL, NULL);
  pthread_exit(NULL);

  return 0;
}

Determining if the function pthread_create exists in the pthreads failed with the following output:
Change Dir: /workspace/stereo_synthPOC/build/right_cam_view/CMakeFiles/CMakeTmp

Run Build Command(s):/usr/bin/make cmTC_b8efa/fast && /usr/bin/make  -f CMakeFiles/cmTC_b8efa.dir/build.make CMakeFiles/cmTC_b8efa.dir/build
make[1]: Entering directory '/workspace/stereo_synthPOC/build/right_cam_view/CMakeFiles/CMakeTmp'
Building C object CMakeFiles/cmTC_b8efa.dir/CheckFunctionExists.c.o
/usr/bin/cc   -DCHECK_FUNCTION_EXISTS=pthread_create -o CMakeFiles/cmTC_b8efa.dir/CheckFunctionExists.c.o -c /opt/cmake-3.18.2-Linux-x86_64/share/cmake-3.18/Modules/CheckFunctionExists.c
Linking C executable cmTC_b8efa
/opt/cmake-3.18.2-Linux-x86_64/bin/cmake -E cmake_link_script CMakeFiles/cmTC_b8efa.dir/link.txt --verbose=1
/usr/bin/cc  -DCHECK_FUNCTION_EXISTS=pthread_create -rdynamic CMakeFiles/cmTC_b8efa.dir/CheckFunctionExists.c.o -o cmTC_b8efa  -lpthreads 
/usr/bin/ld: cannot find -lpthreads
collect2: error: ld returned 1 exit status
CMakeFiles/cmTC_b8efa.dir/build.make:105: recipe for target 'cmTC_b8efa' failed
make[1]: *** [cmTC_b8efa] Error 1
make[1]: Leaving directory '/workspace/stereo_synthPOC/build/right_cam_view/CMakeFiles/CMakeTmp'
Makefile:140: recipe for target 'cmTC_b8efa/fast' failed
make: *** [cmTC_b8efa/fast] Error 2



