Warning: Cannot symlink from /workspace/stereo_playground/stereo_synthPOC/devel/.private/mur_left_image_acq/share/mur_left_image_acq/cmake/mur_left_image_acqConfig.cmake to existing file /workspace/stereo_playground/stereo_synthPOC/devel/share/mur_left_image_acq/cmake/mur_left_image_acqConfig.cmake
Warning: Source hash: 89722c6d92b5c5e2cb76e613049f7fac
Warning: Dest hash: b43b3f56f0083496a97f7d2b0d241fbc
Warning: Cannot symlink from /workspace/stereo_playground/stereo_synthPOC/devel/.private/mur_left_image_acq/lib/mur_left_image_acq/mur_left_image_acq to existing file /workspace/stereo_playground/stereo_synthPOC/devel/lib/mur_left_image_acq/mur_left_image_acq
Warning: Source hash: d2345a66c52cd0bf58d14e585be4dd4d
Warning: Dest hash: 3c4683407887b04daf64184508259202
Warning: Cannot symlink from /workspace/stereo_playground/stereo_synthPOC/devel/.private/mur_left_image_acq/lib/pkgconfig/mur_left_image_acq.pc to existing file /workspace/stereo_playground/stereo_synthPOC/devel/lib/pkgconfig/mur_left_image_acq.pc
Warning: Source hash: 7ab772dcb1bb8441d0614baba480c0a1
Warning: Dest hash: e89a1c938149c090d2eb93990628f271
Cleaning: (/workspace/stereo_synthPOC/devel/.private/mur_left_image_acq/cmake.lock, /workspace/stereo_synthPOC/devel/./cmake.lock)
Cleaning: (/workspace/stereo_synthPOC/devel/.private/mur_left_image_acq/share/mur_left_image_acq/cmake/mur_left_image_acqConfig.cmake, /workspace/stereo_synthPOC/devel/share/mur_left_image_acq/cmake/mur_left_image_acqConfig.cmake)
Cleaning: (/workspace/stereo_synthPOC/devel/.private/mur_left_image_acq/share/mur_left_image_acq/cmake/mur_left_image_acqConfig-version.cmake, /workspace/stereo_synthPOC/devel/share/mur_left_image_acq/cmake/mur_left_image_acqConfig-version.cmake)
Cleaning: (/workspace/stereo_synthPOC/devel/.private/mur_left_image_acq/lib/mur_left_image_acq/mur_left_image_acq, /workspace/stereo_synthPOC/devel/lib/mur_left_image_acq/mur_left_image_acq)
Cleaning: (/workspace/stereo_synthPOC/devel/.private/mur_left_image_acq/lib/pkgconfig/mur_left_image_acq.pc, /workspace/stereo_synthPOC/devel/lib/pkgconfig/mur_left_image_acq.pc)
Unlinking: /workspace/stereo_synthPOC/devel/share/mur_left_image_acq/cmake/mur_left_image_acqConfig.cmake
Already unlinked: {}
Unlinking: /workspace/stereo_synthPOC/devel/share/mur_left_image_acq/cmake/mur_left_image_acqConfig-version.cmake
Already unlinked: {}
Unlinking: /workspace/stereo_synthPOC/devel/lib/mur_left_image_acq/mur_left_image_acq
Already unlinked: {}
Unlinking: /workspace/stereo_synthPOC/devel/lib/pkgconfig/mur_left_image_acq.pc
Already unlinked: {}
