Performing C SOURCE FILE Test CMAKE_HAVE_LIBC_PTHREAD failed with the following output:
Change Dir: /workspace/stereo_synthPOC/build/left_cam_view/CMakeFiles/CMakeTmp

Run Build Command(s):/usr/bin/make cmTC_c2eea/fast && /usr/bin/make  -f CMakeFiles/cmTC_c2eea.dir/build.make CMakeFiles/cmTC_c2eea.dir/build
make[1]: Entering directory '/workspace/stereo_synthPOC/build/left_cam_view/CMakeFiles/CMakeTmp'
Building C object CMakeFiles/cmTC_c2eea.dir/src.c.o
/usr/bin/cc   -DCMAKE_HAVE_LIBC_PTHREAD -o CMakeFiles/cmTC_c2eea.dir/src.c.o -c /workspace/stereo_synthPOC/build/left_cam_view/CMakeFiles/CMakeTmp/src.c
Linking C executable cmTC_c2eea
/opt/cmake-3.18.2-Linux-x86_64/bin/cmake -E cmake_link_script CMakeFiles/cmTC_c2eea.dir/link.txt --verbose=1
/usr/bin/cc  -DCMAKE_HAVE_LIBC_PTHREAD -rdynamic CMakeFiles/cmTC_c2eea.dir/src.c.o -o cmTC_c2eea 
CMakeFiles/cmTC_c2eea.dir/src.c.o: In function `main':
src.c:(.text+0x3e): undefined reference to `pthread_create'
src.c:(.text+0x4a): undefined reference to `pthread_detach'
src.c:(.text+0x56): undefined reference to `pthread_cancel'
src.c:(.text+0x67): undefined reference to `pthread_join'
src.c:(.text+0x7b): undefined reference to `pthread_atfork'
collect2: error: ld returned 1 exit status
CMakeFiles/cmTC_c2eea.dir/build.make:105: recipe for target 'cmTC_c2eea' failed
make[1]: *** [cmTC_c2eea] Error 1
make[1]: Leaving directory '/workspace/stereo_synthPOC/build/left_cam_view/CMakeFiles/CMakeTmp'
Makefile:140: recipe for target 'cmTC_c2eea/fast' failed
make: *** [cmTC_c2eea/fast] Error 2


Source file was:
#include <pthread.h>

void* test_func(void* data)
{
  return data;
}

int main(void)
{
  pthread_t thread;
  pthread_create(&thread, NULL, test_func, NULL);
  pthread_detach(thread);
  pthread_cancel(thread);
  pthread_join(thread, NULL);
  pthread_atfork(NULL, NULL, NULL);
  pthread_exit(NULL);

  return 0;
}

Determining if the function pthread_create exists in the pthreads failed with the following output:
Change Dir: /workspace/stereo_synthPOC/build/left_cam_view/CMakeFiles/CMakeTmp

Run Build Command(s):/usr/bin/make cmTC_42cad/fast && /usr/bin/make  -f CMakeFiles/cmTC_42cad.dir/build.make CMakeFiles/cmTC_42cad.dir/build
make[1]: Entering directory '/workspace/stereo_synthPOC/build/left_cam_view/CMakeFiles/CMakeTmp'
Building C object CMakeFiles/cmTC_42cad.dir/CheckFunctionExists.c.o
/usr/bin/cc   -DCHECK_FUNCTION_EXISTS=pthread_create -o CMakeFiles/cmTC_42cad.dir/CheckFunctionExists.c.o -c /opt/cmake-3.18.2-Linux-x86_64/share/cmake-3.18/Modules/CheckFunctionExists.c
Linking C executable cmTC_42cad
/opt/cmake-3.18.2-Linux-x86_64/bin/cmake -E cmake_link_script CMakeFiles/cmTC_42cad.dir/link.txt --verbose=1
/usr/bin/cc  -DCHECK_FUNCTION_EXISTS=pthread_create -rdynamic CMakeFiles/cmTC_42cad.dir/CheckFunctionExists.c.o -o cmTC_42cad  -lpthreads 
/usr/bin/ld: cannot find -lpthreads
collect2: error: ld returned 1 exit status
CMakeFiles/cmTC_42cad.dir/build.make:105: recipe for target 'cmTC_42cad' failed
make[1]: *** [cmTC_42cad] Error 1
make[1]: Leaving directory '/workspace/stereo_synthPOC/build/left_cam_view/CMakeFiles/CMakeTmp'
Makefile:140: recipe for target 'cmTC_42cad/fast' failed
make: *** [cmTC_42cad/fast] Error 2



