[35m[1mScanning dependencies of target _mur_common_generate_messages_check_deps_cone_msg[0m
[35m[1mScanning dependencies of target _mur_common_generate_messages_check_deps_diagnostic_msg[0m
[35m[1mScanning dependencies of target _mur_common_generate_messages_check_deps_timing_msg[0m
[35m[1mScanning dependencies of target _mur_common_generate_messages_check_deps_actuation_msg[0m
[35m[1mScanning dependencies of target std_msgs_generate_messages_eus[0m
[35m[1mScanning dependencies of target _mur_common_generate_messages_check_deps_path_msg[0m
[  0%] Built target std_msgs_generate_messages_eus
[35m[1mScanning dependencies of target std_msgs_generate_messages_nodejs[0m
[  0%] Built target std_msgs_generate_messages_nodejs
[35m[1mScanning dependencies of target std_msgs_generate_messages_lisp[0m
[  0%] Built target std_msgs_generate_messages_lisp
[35m[1mScanning dependencies of target std_msgs_generate_messages_py[0m
[  0%] Built target std_msgs_generate_messages_py
[  0%] Built target _mur_common_generate_messages_check_deps_actuation_msg
[  0%] Built target _mur_common_generate_messages_check_deps_cone_msg
[35m[1mScanning dependencies of target std_msgs_generate_messages_cpp[0m
[  0%] Built target _mur_common_generate_messages_check_deps_diagnostic_msg
[  0%] Built target _mur_common_generate_messages_check_deps_timing_msg
[  0%] Built target std_msgs_generate_messages_cpp
[  0%] Built target _mur_common_generate_messages_check_deps_path_msg
[35m[1mScanning dependencies of target mur_common_generate_messages_lisp[0m
[35m[1mScanning dependencies of target mur_common_generate_messages_py[0m
[35m[1mScanning dependencies of target mur_common_generate_messages_eus[0m
[35m[1mScanning dependencies of target mur_common_generate_messages_cpp[0m
[35m[1mScanning dependencies of target mur_common_generate_messages_nodejs[0m
[  7%] [34m[1mGenerating Python from MSG mur_common/path_msg[0m
[  7%] [34m[1mGenerating Lisp code from mur_common/path_msg.msg[0m
[ 14%] [34m[1mGenerating EusLisp code from mur_common/path_msg.msg[0m
[ 14%] [34m[1mGenerating Lisp code from mur_common/timing_msg.msg[0m
[ 18%] [34m[1mGenerating C++ code from mur_common/path_msg.msg[0m
[ 22%] [34m[1mGenerating Javascript code from mur_common/path_msg.msg[0m
[ 25%] [34m[1mGenerating Python from MSG mur_common/timing_msg[0m
[ 29%] [34m[1mGenerating Lisp code from mur_common/diagnostic_msg.msg[0m
[ 33%] [34m[1mGenerating Javascript code from mur_common/timing_msg.msg[0m
[ 37%] [34m[1mGenerating EusLisp code from mur_common/timing_msg.msg[0m
[ 40%] [34m[1mGenerating Lisp code from mur_common/actuation_msg.msg[0m
[ 44%] [34m[1mGenerating Javascript code from mur_common/diagnostic_msg.msg[0m
[ 48%] [34m[1mGenerating EusLisp code from mur_common/diagnostic_msg.msg[0m
[ 51%] [34m[1mGenerating Python from MSG mur_common/diagnostic_msg[0m
[ 55%] [34m[1mGenerating C++ code from mur_common/timing_msg.msg[0m
[ 59%] [34m[1mGenerating Lisp code from mur_common/cone_msg.msg[0m
[ 62%] [34m[1mGenerating Javascript code from mur_common/actuation_msg.msg[0m
[ 66%] [34m[1mGenerating EusLisp code from mur_common/actuation_msg.msg[0m
[ 66%] Built target mur_common_generate_messages_lisp
[ 70%] [34m[1mGenerating C++ code from mur_common/diagnostic_msg.msg[0m
[ 74%] [34m[1mGenerating EusLisp code from mur_common/cone_msg.msg[0m
[ 77%] [34m[1mGenerating Javascript code from mur_common/cone_msg.msg[0m
[ 81%] [34m[1mGenerating EusLisp manifest code for mur_common[0m
[ 81%] Built target mur_common_generate_messages_nodejs
[ 85%] [34m[1mGenerating C++ code from mur_common/actuation_msg.msg[0m
[ 88%] [34m[1mGenerating Python from MSG mur_common/actuation_msg[0m
[ 92%] [34m[1mGenerating Python from MSG mur_common/cone_msg[0m
[ 96%] [34m[1mGenerating C++ code from mur_common/cone_msg.msg[0m
[100%] [34m[1mGenerating Python msg __init__.py for mur_common[0m
[100%] Built target mur_common_generate_messages_cpp
[100%] Built target mur_common_generate_messages_py
[100%] Built target mur_common_generate_messages_eus
[35m[1mScanning dependencies of target mur_common_generate_messages[0m
[100%] Built target mur_common_generate_messages
