Symlinking /workspace/stereo_playground/stereo_synthPOC/devel/share/gennodejs/ros/mur_common/_index.js
Symlinking /workspace/stereo_playground/stereo_synthPOC/devel/share/gennodejs/ros/mur_common/msg/_index.js
Symlinking /workspace/stereo_playground/stereo_synthPOC/devel/share/gennodejs/ros/mur_common/msg/timing_msg.js
Symlinking /workspace/stereo_playground/stereo_synthPOC/devel/share/gennodejs/ros/mur_common/msg/path_msg.js
Symlinking /workspace/stereo_playground/stereo_synthPOC/devel/share/gennodejs/ros/mur_common/msg/actuation_msg.js
Symlinking /workspace/stereo_playground/stereo_synthPOC/devel/share/gennodejs/ros/mur_common/msg/cone_msg.js
Symlinking /workspace/stereo_playground/stereo_synthPOC/devel/share/gennodejs/ros/mur_common/msg/diagnostic_msg.js
Symlinking /workspace/stereo_playground/stereo_synthPOC/devel/share/roseus/ros/mur_common/manifest.l
Symlinking /workspace/stereo_playground/stereo_synthPOC/devel/share/roseus/ros/mur_common/msg/actuation_msg.l
Symlinking /workspace/stereo_playground/stereo_synthPOC/devel/share/roseus/ros/mur_common/msg/cone_msg.l
Symlinking /workspace/stereo_playground/stereo_synthPOC/devel/share/roseus/ros/mur_common/msg/path_msg.l
Symlinking /workspace/stereo_playground/stereo_synthPOC/devel/share/roseus/ros/mur_common/msg/diagnostic_msg.l
Symlinking /workspace/stereo_playground/stereo_synthPOC/devel/share/roseus/ros/mur_common/msg/timing_msg.l
Symlinking /workspace/stereo_playground/stereo_synthPOC/devel/share/common-lisp/ros/mur_common/msg/_package_timing_msg.lisp
Symlinking /workspace/stereo_playground/stereo_synthPOC/devel/share/common-lisp/ros/mur_common/msg/_package_path_msg.lisp
Symlinking /workspace/stereo_playground/stereo_synthPOC/devel/share/common-lisp/ros/mur_common/msg/_package_actuation_msg.lisp
Symlinking /workspace/stereo_playground/stereo_synthPOC/devel/share/common-lisp/ros/mur_common/msg/mur_common-msg.asd
Symlinking /workspace/stereo_playground/stereo_synthPOC/devel/share/common-lisp/ros/mur_common/msg/actuation_msg.lisp
Symlinking /workspace/stereo_playground/stereo_synthPOC/devel/share/common-lisp/ros/mur_common/msg/_package.lisp
Symlinking /workspace/stereo_playground/stereo_synthPOC/devel/share/common-lisp/ros/mur_common/msg/_package_cone_msg.lisp
Symlinking /workspace/stereo_playground/stereo_synthPOC/devel/share/common-lisp/ros/mur_common/msg/_package_diagnostic_msg.lisp
Symlinking /workspace/stereo_playground/stereo_synthPOC/devel/share/common-lisp/ros/mur_common/msg/timing_msg.lisp
Symlinking /workspace/stereo_playground/stereo_synthPOC/devel/share/common-lisp/ros/mur_common/msg/cone_msg.lisp
Symlinking /workspace/stereo_playground/stereo_synthPOC/devel/share/common-lisp/ros/mur_common/msg/diagnostic_msg.lisp
Symlinking /workspace/stereo_playground/stereo_synthPOC/devel/share/common-lisp/ros/mur_common/msg/path_msg.lisp
Symlinking /workspace/stereo_playground/stereo_synthPOC/devel/share/mur_common/cmake/mur_common-msg-extras.cmake
Symlinking /workspace/stereo_playground/stereo_synthPOC/devel/share/mur_common/cmake/mur_commonConfig-version.cmake
Symlinking /workspace/stereo_playground/stereo_synthPOC/devel/share/mur_common/cmake/mur_common-msg-paths.cmake
Symlinking /workspace/stereo_playground/stereo_synthPOC/devel/share/mur_common/cmake/mur_commonConfig.cmake
Symlinking /workspace/stereo_playground/stereo_synthPOC/devel/lib/python2.7/dist-packages/mur_common/__init__.py
Symlinking /workspace/stereo_playground/stereo_synthPOC/devel/lib/python2.7/dist-packages/mur_common/msg/__init__.py
Symlinking /workspace/stereo_playground/stereo_synthPOC/devel/lib/python2.7/dist-packages/mur_common/msg/_path_msg.py
Symlinking /workspace/stereo_playground/stereo_synthPOC/devel/lib/python2.7/dist-packages/mur_common/msg/_actuation_msg.py
Symlinking /workspace/stereo_playground/stereo_synthPOC/devel/lib/python2.7/dist-packages/mur_common/msg/_diagnostic_msg.py
Symlinking /workspace/stereo_playground/stereo_synthPOC/devel/lib/python2.7/dist-packages/mur_common/msg/_cone_msg.py
Symlinking /workspace/stereo_playground/stereo_synthPOC/devel/lib/python2.7/dist-packages/mur_common/msg/_timing_msg.py
Symlinking /workspace/stereo_playground/stereo_synthPOC/devel/lib/pkgconfig/mur_common.pc
Symlinking /workspace/stereo_playground/stereo_synthPOC/devel/include/mur_common/diagnostic_msg.h
Symlinking /workspace/stereo_playground/stereo_synthPOC/devel/include/mur_common/cone_msg.h
Symlinking /workspace/stereo_playground/stereo_synthPOC/devel/include/mur_common/actuation_msg.h
Symlinking /workspace/stereo_playground/stereo_synthPOC/devel/include/mur_common/timing_msg.h
Symlinking /workspace/stereo_playground/stereo_synthPOC/devel/include/mur_common/path_msg.h
