[35m[1mScanning dependencies of target _mur_common_generate_messages_check_deps_path_msg[0m
[35m[1mScanning dependencies of target _mur_common_generate_messages_check_deps_timing_msg[0m
[35m[1mScanning dependencies of target _mur_common_generate_messages_check_deps_cone_msg[0m
[35m[1mScanning dependencies of target _mur_common_generate_messages_check_deps_actuation_msg[0m
[35m[1mScanning dependencies of target _mur_common_generate_messages_check_deps_diagnostic_msg[0m
[35m[1mScanning dependencies of target std_msgs_generate_messages_eus[0m
[  0%] Built target std_msgs_generate_messages_eus
[  0%] Built target _mur_common_generate_messages_check_deps_path_msg
[  0%] Built target _mur_common_generate_messages_check_deps_timing_msg
[35m[1mScanning dependencies of target std_msgs_generate_messages_nodejs[0m
[35m[1mScanning dependencies of target std_msgs_generate_messages_lisp[0m
[35m[1mScanning dependencies of target std_msgs_generate_messages_py[0m
[  0%] Built target _mur_common_generate_messages_check_deps_actuation_msg
[  0%] Built target std_msgs_generate_messages_lisp
[  0%] Built target std_msgs_generate_messages_nodejs
[  0%] Built target _mur_common_generate_messages_check_deps_cone_msg
[  0%] Built target _mur_common_generate_messages_check_deps_diagnostic_msg
[  0%] Built target std_msgs_generate_messages_py
[35m[1mScanning dependencies of target std_msgs_generate_messages_cpp[0m
[35m[1mScanning dependencies of target mur_common_generate_messages_eus[0m
[35m[1mScanning dependencies of target mur_common_generate_messages_py[0m
[35m[1mScanning dependencies of target mur_common_generate_messages_lisp[0m
[ 22%] Built target mur_common_generate_messages_eus
[ 44%] Built target mur_common_generate_messages_py
[35m[1mScanning dependencies of target mur_common_generate_messages_nodejs[0m
[ 44%] Built target std_msgs_generate_messages_cpp
[ 62%] Built target mur_common_generate_messages_nodejs
[ 81%] Built target mur_common_generate_messages_lisp
[35m[1mScanning dependencies of target mur_common_generate_messages_cpp[0m
[100%] Built target mur_common_generate_messages_cpp
[35m[1mScanning dependencies of target mur_common_generate_messages[0m
[100%] Built target mur_common_generate_messages
