Not searching for unused variables given on the command line.
[36m--[0m The C compiler identification is GNU 7.5.0
[36m--[0m The CXX compiler identification is GNU 7.5.0
[36m--[0m Detecting C compiler ABI info
[36m--[0m Detecting C compiler ABI info - done
[36m--[0m Check for working C compiler: /usr/bin/cc - skipped
[36m--[0m Detecting C compile features
[36m--[0m Detecting C compile features - done
[36m--[0m Detecting CXX compiler ABI info
[36m--[0m Detecting CXX compiler ABI info - done
[36m--[0m Check for working CXX compiler: /usr/bin/c++ - skipped
[36m--[0m Detecting CXX compile features
[36m--[0m Detecting CXX compile features - done
[36m--[0m Looking for pthread.h
[36m--[0m Looking for pthread.h - found
[36m--[0m Performing Test CMAKE_HAVE_LIBC_PTHREAD
[36m--[0m Performing Test CMAKE_HAVE_LIBC_PTHREAD - Failed
[36m--[0m Looking for pthread_create in pthreads
[36m--[0m Looking for pthread_create in pthreads - not found
[36m--[0m Looking for pthread_create in pthread
[36m--[0m Looking for pthread_create in pthread - found
[36m--[0m Found Threads: TRUE
[36m--[0m Found CUDA: /usr/local/cuda (found suitable exact version "10.0")
[36m--[0m Found OpenCV: /usr/local (found suitable version "4.1.1", minimum required is "4.0.0")
[31m[1mCMake Error[0m at /workspace/stereo_synthPOC/src/stereo_synthPOC/stereo_launch/CMakeLists.txt:14 (add_subdirectory):
  add_subdirectory given source "mur_stereo_pipeline" which is not an
  existing directory.


[31m[1mCMake Error[0m at /workspace/stereo_synthPOC/src/stereo_synthPOC/stereo_launch/CMakeLists.txt:16 (target_include_directories):
  Cannot specify include directories for target "mur_stereo_video" which is
  not built by this project.


[31m[1mCMake Error[0m at /workspace/stereo_synthPOC/src/stereo_synthPOC/stereo_launch/CMakeLists.txt:20 (target_link_libraries):
  Cannot specify link libraries for target "mur_stereo_video" which is not
  built by this project.


[36m--[0m Configuring incomplete, errors occurred!
See also "/workspace/stereo_synthPOC/build/stereo_launch/CMakeFiles/CMakeOutput.log".
See also "/workspace/stereo_synthPOC/build/stereo_launch/CMakeFiles/CMakeError.log".
