Warning: Cannot symlink from /workspace/stereo_playground/stereo_synthPOC/devel/.private/mur_stereo_pipeline/share/mur_stereo_pipeline/cmake/mur_stereo_pipelineConfig.cmake to existing file /workspace/stereo_playground/stereo_synthPOC/devel/share/mur_stereo_pipeline/cmake/mur_stereo_pipelineConfig.cmake
Warning: Source hash: ba704588ddf31dced25c19af89ea59fe
Warning: Dest hash: 7099112989f9623048b7c735cffe17ab
Warning: Cannot symlink from /workspace/stereo_playground/stereo_synthPOC/devel/.private/mur_stereo_pipeline/lib/libmur_stereo_pipeline.so to existing file /workspace/stereo_playground/stereo_synthPOC/devel/lib/libmur_stereo_pipeline.so
Warning: Source hash: d1676b823b2df3f94c3a803ea1d9e40c
Warning: Dest hash: 3cdc1c617be2c011af0dced6ee625be2
Warning: Cannot symlink from /workspace/stereo_playground/stereo_synthPOC/devel/.private/mur_stereo_pipeline/lib/pkgconfig/mur_stereo_pipeline.pc to existing file /workspace/stereo_playground/stereo_synthPOC/devel/lib/pkgconfig/mur_stereo_pipeline.pc
Warning: Source hash: ed1294976325412d074f190f2cf9c5c7
Warning: Dest hash: ce221936d1767ac090bbc9a7b14531e2
Cleaning: (/workspace/stereo_synthPOC/devel/.private/mur_stereo_pipeline/cmake.lock, /workspace/stereo_synthPOC/devel/./cmake.lock)
Cleaning: (/workspace/stereo_synthPOC/devel/.private/mur_stereo_pipeline/share/mur_stereo_pipeline/cmake/mur_stereo_pipelineConfig.cmake, /workspace/stereo_synthPOC/devel/share/mur_stereo_pipeline/cmake/mur_stereo_pipelineConfig.cmake)
Cleaning: (/workspace/stereo_synthPOC/devel/.private/mur_stereo_pipeline/share/mur_stereo_pipeline/cmake/mur_stereo_pipelineConfig-version.cmake, /workspace/stereo_synthPOC/devel/share/mur_stereo_pipeline/cmake/mur_stereo_pipelineConfig-version.cmake)
Cleaning: (/workspace/stereo_synthPOC/devel/.private/mur_stereo_pipeline/lib/libmur_stereo_pipeline.so, /workspace/stereo_synthPOC/devel/lib/libmur_stereo_pipeline.so)
Cleaning: (/workspace/stereo_synthPOC/devel/.private/mur_stereo_pipeline/lib/pkgconfig/mur_stereo_pipeline.pc, /workspace/stereo_synthPOC/devel/lib/pkgconfig/mur_stereo_pipeline.pc)
Unlinking: /workspace/stereo_synthPOC/devel/share/mur_stereo_pipeline/cmake/mur_stereo_pipelineConfig.cmake
Already unlinked: {}
Unlinking: /workspace/stereo_synthPOC/devel/share/mur_stereo_pipeline/cmake/mur_stereo_pipelineConfig-version.cmake
Already unlinked: {}
Unlinking: /workspace/stereo_synthPOC/devel/lib/libmur_stereo_pipeline.so
Already unlinked: {}
Unlinking: /workspace/stereo_synthPOC/devel/lib/pkgconfig/mur_stereo_pipeline.pc
Already unlinked: {}
