[35m[1mScanning dependencies of target mur_stereo_pipeline[0m
[ 14%] [32mBuilding CXX object CMakeFiles/mur_stereo_pipeline.dir/src/Classical/ClassicalStereo.cpp.o[0m
[ 28%] [32mBuilding CXX object CMakeFiles/mur_stereo_pipeline.dir/src/Detectors/EntropyCalibrator.cpp.o[0m
[ 57%] [32mBuilding CXX object CMakeFiles/mur_stereo_pipeline.dir/src/Detectors/Utils.cpp.o[0m
[ 57%] [32mBuilding CXX object CMakeFiles/mur_stereo_pipeline.dir/src/Detectors/Detectors.cpp.o[0m
[ 71%] [32mBuilding CXX object CMakeFiles/mur_stereo_pipeline.dir/src/Detectors/KeypointDetector.cpp.o[0m
[ 85%] [32mBuilding CXX object CMakeFiles/mur_stereo_pipeline.dir/src/StereoCommon/StereoBench.cpp.o[0m
[01m[K/workspace/stereo_playground/stereo_synthPOC/src/stereo_synthPOC/mur_stereo_pipeline/src/Detectors/Utils.cpp:[m[K In function '[01m[Kvoid onnxToTRTModel(const string&, unsigned int, nvinfer1::IHostMemory*&, Logger&, bool, bool, nvinfer1::IInt8EntropyCalibrator*)[m[K':
[01m[K/workspace/stereo_playground/stereo_synthPOC/src/stereo_synthPOC/mur_stereo_pipeline/src/Detectors/Utils.cpp:161:41:[m[K [01;35m[Kwarning: [m[K'[01m[Kvirtual void nvinfer1::IBuilder::setMaxWorkspaceSize(std::size_t)[m[K' is deprecated [[01;35m[K-Wdeprecated-declarations[m[K]
     builder->setMaxWorkspaceSize(1 << 20[01;35m[K)[m[K;
                                         [01;35m[K^[m[K
In file included from [01m[K/workspace/stereo_playground/stereo_synthPOC/src/stereo_synthPOC/mur_stereo_pipeline/includes/Detectors/Utils.hpp:3:0[m[K,
                 from [01m[K/workspace/stereo_playground/stereo_synthPOC/src/stereo_synthPOC/mur_stereo_pipeline/src/Detectors/Utils.cpp:1[m[K:
[01m[K/usr/include/x86_64-linux-gnu/NvInfer.h:6357:33:[m[K [01;36m[Knote: [m[Kdeclared here
     TRT_DEPRECATED virtual void [01;36m[KsetMaxWorkspaceSize[m[K(std::size_t workspaceSize) TRTNOEXCEPT = 0;
                                 [01;36m[K^~~~~~~~~~~~~~~~~~~[m[K
[01m[K/workspace/stereo_playground/stereo_synthPOC/src/stereo_synthPOC/mur_stereo_pipeline/src/Detectors/Utils.cpp:165:32:[m[K [01;35m[Kwarning: [m[K'[01m[Kvirtual void nvinfer1::IBuilder::setInt8Mode(bool)[m[K' is deprecated [[01;35m[K-Wdeprecated-declarations[m[K]
       builder->setInt8Mode(true[01;35m[K)[m[K;
                                [01;35m[K^[m[K
In file included from [01m[K/workspace/stereo_playground/stereo_synthPOC/src/stereo_synthPOC/mur_stereo_pipeline/includes/Detectors/Utils.hpp:3:0[m[K,
                 from [01m[K/workspace/stereo_playground/stereo_synthPOC/src/stereo_synthPOC/mur_stereo_pipeline/src/Detectors/Utils.cpp:1[m[K:
[01m[K/usr/include/x86_64-linux-gnu/NvInfer.h:6490:33:[m[K [01;36m[Knote: [m[Kdeclared here
     TRT_DEPRECATED virtual void [01;36m[KsetInt8Mode[m[K(bool mode) TRTNOEXCEPT = 0;
                                 [01;36m[K^~~~~~~~~~~[m[K
[01m[K/workspace/stereo_playground/stereo_synthPOC/src/stereo_synthPOC/mur_stereo_pipeline/src/Detectors/Utils.cpp:166:44:[m[K [01;35m[Kwarning: [m[K'[01m[Kvirtual void nvinfer1::IBuilder::setInt8Calibrator(nvinfer1::IInt8Calibrator*)[m[K' is deprecated [[01;35m[K-Wdeprecated-declarations[m[K]
       builder->setInt8Calibrator(calibrator[01;35m[K)[m[K;
                                            [01;35m[K^[m[K
In file included from [01m[K/workspace/stereo_playground/stereo_synthPOC/src/stereo_synthPOC/mur_stereo_pipeline/includes/Detectors/Utils.hpp:3:0[m[K,
                 from [01m[K/workspace/stereo_playground/stereo_synthPOC/src/stereo_synthPOC/mur_stereo_pipeline/src/Detectors/Utils.cpp:1[m[K:
[01m[K/usr/include/x86_64-linux-gnu/NvInfer.h:6506:33:[m[K [01;36m[Knote: [m[Kdeclared here
     TRT_DEPRECATED virtual void [01;36m[KsetInt8Calibrator[m[K(IInt8Calibrator* calibrator) TRTNOEXCEPT = 0;
                                 [01;36m[K^~~~~~~~~~~~~~~~~[m[K
[01m[K/workspace/stereo_playground/stereo_synthPOC/src/stereo_synthPOC/mur_stereo_pipeline/src/Detectors/Utils.cpp:173:34:[m[K [01;35m[Kwarning: [m[K'[01m[Kvirtual void nvinfer1::IBuilder::setFp16Mode(bool)[m[K' is deprecated [[01;35m[K-Wdeprecated-declarations[m[K]
         builder->setFp16Mode(true[01;35m[K)[m[K;
                                  [01;35m[K^[m[K
In file included from [01m[K/workspace/stereo_playground/stereo_synthPOC/src/stereo_synthPOC/mur_stereo_pipeline/includes/Detectors/Utils.hpp:3:0[m[K,
                 from [01m[K/workspace/stereo_playground/stereo_synthPOC/src/stereo_synthPOC/mur_stereo_pipeline/src/Detectors/Utils.cpp:1[m[K:
[01m[K/usr/include/x86_64-linux-gnu/NvInfer.h:6652:33:[m[K [01;36m[Knote: [m[Kdeclared here
     TRT_DEPRECATED virtual void [01;36m[KsetFp16Mode[m[K(bool mode) TRTNOEXCEPT = 0;
                                 [01;36m[K^~~~~~~~~~~[m[K
[01m[K/workspace/stereo_playground/stereo_synthPOC/src/stereo_synthPOC/mur_stereo_pipeline/src/Detectors/Utils.cpp:176:43:[m[K [01;35m[Kwarning: [m[K'[01m[Kvirtual void nvinfer1::IBuilder::setStrictTypeConstraints(bool)[m[K' is deprecated [[01;35m[K-Wdeprecated-declarations[m[K]
     builder->setStrictTypeConstraints(true[01;35m[K)[m[K;
                                           [01;35m[K^[m[K
In file included from [01m[K/workspace/stereo_playground/stereo_synthPOC/src/stereo_synthPOC/mur_stereo_pipeline/includes/Detectors/Utils.hpp:3:0[m[K,
                 from [01m[K/workspace/stereo_playground/stereo_synthPOC/src/stereo_synthPOC/mur_stereo_pipeline/src/Detectors/Utils.cpp:1[m[K:
[01m[K/usr/include/x86_64-linux-gnu/NvInfer.h:6681:33:[m[K [01;36m[Knote: [m[Kdeclared here
     TRT_DEPRECATED virtual void [01;36m[KsetStrictTypeConstraints[m[K(bool mode) TRTNOEXCEPT = 0;
                                 [01;36m[K^~~~~~~~~~~~~~~~~~~~~~~~[m[K
[100%] [32m[1mLinking CXX shared library /workspace/stereo_playground/stereo_synthPOC/devel/.private/mur_stereo_pipeline/lib/libmur_stereo_pipeline.so[0m
[100%] Built target mur_stereo_pipeline
